<?xml version="1.0" encoding="UTF-8"?>
<!-- Generated by org.testng.reporters.JUnitXMLReporter -->
<testsuite ignored="2" hostname="DESKTOP-8RI6OF2" failures="2" tests="3" name="Test" time="51.557" errors="0" timestamp="2022-07-08T15:53:40 IST">
  <testcase classname="sample.OrganizationTestNgTest" name="createOrganization" time="9.669">
    <failure type="java.lang.AssertionError" message="null">
      <![CDATA[java.lang.AssertionError: null
at sample.OrganizationTestNgTest.createOrganization(OrganizationTestNgTest.java:40)
at java.base/java.util.ArrayList.forEach(ArrayList.java:1511)
... Removed 29 stack frames]]>
    </failure>
  </testcase> <!-- createOrganization -->
  <testcase classname="sample.ContactTestNgTest" name="createContact" time="6.763">
    <failure type="java.lang.AssertionError" message="null">
      <![CDATA[java.lang.AssertionError: null
at sample.ContactTestNgTest.createContact(ContactTestNgTest.java:39)
at java.base/java.util.ArrayList.forEach(ArrayList.java:1511)
... Removed 29 stack frames]]>
    </failure>
  </testcase> <!-- createContact -->
  <testcase classname="sample.ContactTestNgTest" name="createAndDeleteContact" time="10.274"/>
  <testcase classname="com.crm.sharphawk.genericutility.BaseClass" name="@BeforeSuite openDb" time="0.0">
    <ignored/>
  </testcase> <!-- @BeforeSuite openDb -->
  <testcase classname="com.crm.sharphawk.genericutility.BaseClass" name="@AfterSuite closeDb" time="0.0">
    <ignored/>
  </testcase> <!-- @AfterSuite closeDb -->
</testsuite> <!-- Test -->
