<?xml version="1.0" encoding="UTF-8"?>
<testng-results skipped="0" failed="1" ignored="0" total="2" passed="1">
  <reporter-output>
  </reporter-output>
  <suite name="Default suite" duration-ms="31643" started-at="2022-07-14T12:48:32 IST" finished-at="2022-07-14T12:49:04 IST">
    <groups>
      <group name="Regression">
        <method signature="ContactTestNgTest.createAndDeleteContact()[pri:0, instance:sample.ContactTestNgTest@28ac3dc3]" name="createAndDeleteContact" class="sample.ContactTestNgTest"/>
      </group> <!-- Regression -->
      <group name="Smoke">
        <method signature="ContactTestNgTest.createContact()[pri:0, instance:sample.ContactTestNgTest@28ac3dc3]" name="createContact" class="sample.ContactTestNgTest"/>
      </group> <!-- Smoke -->
    </groups>
    <test name="Default test" duration-ms="31643" started-at="2022-07-14T12:48:32 IST" finished-at="2022-07-14T12:49:04 IST">
      <class name="sample.ContactTestNgTest">
        <test-method status="PASS" signature="openDb()[pri:0, instance:sample.ContactTestNgTest@28ac3dc3]" name="openDb" is-config="true" duration-ms="245" started-at="2022-07-14T12:48:32 IST" finished-at="2022-07-14T12:48:32 IST">
          <reporter-output>
          </reporter-output>
        </test-method> <!-- openDb -->
        <test-method status="PASS" signature="openBrowser()[pri:0, instance:sample.ContactTestNgTest@28ac3dc3]" name="openBrowser" is-config="true" duration-ms="2106" started-at="2022-07-14T12:48:32 IST" finished-at="2022-07-14T12:48:35 IST">
          <reporter-output>
          </reporter-output>
        </test-method> <!-- openBrowser -->
        <test-method status="PASS" signature="loginApp()[pri:0, instance:sample.ContactTestNgTest@28ac3dc3]" name="loginApp" is-config="true" duration-ms="6411" started-at="2022-07-14T12:48:35 IST" finished-at="2022-07-14T12:48:41 IST">
          <reporter-output>
          </reporter-output>
        </test-method> <!-- loginApp -->
        <test-method status="PASS" signature="createAndDeleteContact()[pri:0, instance:sample.ContactTestNgTest@28ac3dc3]" name="createAndDeleteContact" duration-ms="11401" started-at="2022-07-14T12:48:41 IST" finished-at="2022-07-14T12:48:52 IST">
          <reporter-output>
          </reporter-output>
        </test-method> <!-- createAndDeleteContact -->
        <test-method status="PASS" signature="logoutApp()[pri:0, instance:sample.ContactTestNgTest@28ac3dc3]" name="logoutApp" is-config="true" duration-ms="961" started-at="2022-07-14T12:48:52 IST" finished-at="2022-07-14T12:48:53 IST">
          <reporter-output>
          </reporter-output>
        </test-method> <!-- logoutApp -->
        <test-method status="PASS" signature="loginApp()[pri:0, instance:sample.ContactTestNgTest@28ac3dc3]" name="loginApp" is-config="true" duration-ms="1884" started-at="2022-07-14T12:48:53 IST" finished-at="2022-07-14T12:48:55 IST">
          <reporter-output>
          </reporter-output>
        </test-method> <!-- loginApp -->
        <test-method status="FAIL" signature="createContact()[pri:0, instance:sample.ContactTestNgTest@28ac3dc3]" name="createContact" duration-ms="6791" started-at="2022-07-14T12:48:55 IST" finished-at="2022-07-14T12:49:02 IST">
          <exception class="java.lang.AssertionError">
            <message>
              <![CDATA[null]]>
            </message>
            <full-stacktrace>
              <![CDATA[java.lang.AssertionError: null
at org.testng.Assert.fail(Assert.java:99)
at org.testng.Assert.fail(Assert.java:106)
at sample.ContactTestNgTest.createContact(ContactTestNgTest.java:40)
at sun.reflect.NativeMethodAccessorImpl.invoke0(Native Method)
at sun.reflect.NativeMethodAccessorImpl.invoke(NativeMethodAccessorImpl.java:62)
at sun.reflect.DelegatingMethodAccessorImpl.invoke(DelegatingMethodAccessorImpl.java:43)
at java.lang.reflect.Method.invoke(Method.java:498)
at org.testng.internal.MethodInvocationHelper.invokeMethod(MethodInvocationHelper.java:133)
at org.testng.internal.TestInvoker.invokeMethod(TestInvoker.java:598)
at org.testng.internal.TestInvoker.invokeTestMethod(TestInvoker.java:173)
at org.testng.internal.MethodRunner.runInSequence(MethodRunner.java:46)
at org.testng.internal.TestInvoker$MethodInvocationAgent.invoke(TestInvoker.java:824)
at org.testng.internal.TestInvoker.invokeTestMethods(TestInvoker.java:146)
at org.testng.internal.TestMethodWorker.invokeTestMethods(TestMethodWorker.java:146)
at org.testng.internal.TestMethodWorker.run(TestMethodWorker.java:128)
at java.util.ArrayList.forEach(ArrayList.java:1259)
at org.testng.TestRunner.privateRun(TestRunner.java:794)
at org.testng.TestRunner.run(TestRunner.java:596)
at org.testng.SuiteRunner.runTest(SuiteRunner.java:377)
at org.testng.SuiteRunner.runSequentially(SuiteRunner.java:371)
at org.testng.SuiteRunner.privateRun(SuiteRunner.java:332)
at org.testng.SuiteRunner.run(SuiteRunner.java:276)
at org.testng.SuiteRunnerWorker.runSuite(SuiteRunnerWorker.java:53)
at org.testng.SuiteRunnerWorker.run(SuiteRunnerWorker.java:96)
at org.testng.TestNG.runSuitesSequentially(TestNG.java:1212)
at org.testng.TestNG.runSuitesLocally(TestNG.java:1134)
at org.testng.TestNG.runSuites(TestNG.java:1063)
at org.testng.TestNG.run(TestNG.java:1031)
at org.testng.remote.AbstractRemoteTestNG.run(AbstractRemoteTestNG.java:115)
at org.testng.remote.RemoteTestNG.initAndRun(RemoteTestNG.java:251)
at org.testng.remote.RemoteTestNG.main(RemoteTestNG.java:77)
]]>
            </full-stacktrace>
          </exception> <!-- java.lang.AssertionError -->
          <reporter-output>
          </reporter-output>
        </test-method> <!-- createContact -->
        <test-method status="PASS" signature="logoutApp()[pri:0, instance:sample.ContactTestNgTest@28ac3dc3]" name="logoutApp" is-config="true" duration-ms="1027" started-at="2022-07-14T12:49:02 IST" finished-at="2022-07-14T12:49:03 IST">
          <reporter-output>
          </reporter-output>
        </test-method> <!-- logoutApp -->
        <test-method status="PASS" signature="closeBrowser()[pri:0, instance:sample.ContactTestNgTest@28ac3dc3]" name="closeBrowser" is-config="true" duration-ms="667" started-at="2022-07-14T12:49:03 IST" finished-at="2022-07-14T12:49:04 IST">
          <reporter-output>
          </reporter-output>
        </test-method> <!-- closeBrowser -->
        <test-method status="PASS" signature="closeDb()[pri:0, instance:sample.ContactTestNgTest@28ac3dc3]" name="closeDb" is-config="true" duration-ms="5" started-at="2022-07-14T12:49:04 IST" finished-at="2022-07-14T12:49:04 IST">
          <reporter-output>
          </reporter-output>
        </test-method> <!-- closeDb -->
      </class> <!-- sample.ContactTestNgTest -->
    </test> <!-- Default test -->
  </suite> <!-- Default suite -->
</testng-results>
